# JRE version: OpenJDK Runtime Environment (8.0_242-b01) (build 1.8.0_242-release-1644-b01)
# Java VM: OpenJDK 64-Bit Server VM (25.242-b01 mixed mode windows-amd64 compressed oops)
Heap:
 PSYoungGen      total 318976K, used 312154K [0x00000000d5580000, 0x00000000f1d00000, 0x0000000100000000)
  eden space 223744K, 100% used [0x00000000d5580000,0x00000000e3000000,0x00000000e3000000)
  from space 95232K, 92% used [0x00000000e3000000,0x00000000e8656b68,0x00000000e8d00000)
  to   space 108032K, 55% used [0x00000000eb380000,0x00000000eede8bb0,0x00000000f1d00000)
 ParOldGen       total 137216K, used 102492K [0x0000000080000000, 0x0000000088600000, 0x00000000d5580000)
  object space 137216K, 74% used [0x0000000080000000,0x0000000086417060,0x0000000088600000)
 Metaspace       used 117858K, capacity 126380K, committed 126680K, reserved 1159168K
  class space    used 15341K, capacity 17046K, committed 17152K, reserved 1048576K
GC Heap History (10 events):
Event: 3705.062 GC heap before
{Heap before GC invocations=33 (full 4):
 PSYoungGen      total 231936K, used 231919K [0x00000000d5580000, 0x00000000e8d80000, 0x0000000100000000)
  eden space 189952K, 100% used [0x00000000d5580000,0x00000000e0f00000,0x00000000e0f00000)
  from space 41984K, 99% used [0x00000000e4480000,0x00000000e6d7be28,0x00000000e6d80000)
  to   space 54784K, 0% used [0x00000000e0f00000,0x00000000e0f00000,0x00000000e4480000)
 ParOldGen       total 137216K, used 81193K [0x0000000080000000, 0x0000000088600000, 0x00000000d5580000)
  object space 137216K, 59% used [0x0000000080000000,0x0000000084f4a460,0x0000000088600000)
 Metaspace       used 97028K, capacity 103762K, committed 104024K, reserved 1138688K
  class space    used 12691K, capacity 14134K, committed 14208K, reserved 1048576K
Event: 3706.476 GC heap after
Heap after GC invocations=33 (full 4):
 PSYoungGen      total 244736K, used 54757K [0x00000000d5580000, 0x00000000eaf80000, 0x0000000100000000)
  eden space 189952K, 0% used [0x00000000d5580000,0x00000000d5580000,0x00000000e0f00000)
  from space 54784K, 99% used [0x00000000e0f00000,0x00000000e4479630,0x00000000e4480000)
  to   space 68096K, 0% used [0x00000000e6d00000,0x00000000e6d00000,0x00000000eaf80000)
 ParOldGen       total 137216K, used 93377K [0x0000000080000000, 0x0000000088600000, 0x00000000d5580000)
  object space 137216K, 68% used [0x0000000080000000,0x0000000085b307c0,0x0000000088600000)
 Metaspace       used 97028K, capacity 103762K, committed 104024K, reserved 1138688K
  class space    used 12691K, capacity 14134K, committed 14208K, reserved 1048576K
}
Event: 3721.753 GC heap before
{Heap before GC invocations=34 (full 4):
 PSYoungGen      total 244736K, used 244707K [0x00000000d5580000, 0x00000000eaf80000, 0x0000000100000000)
  eden space 189952K, 99% used [0x00000000d5580000,0x00000000e0eff620,0x00000000e0f00000)
  from space 54784K, 99% used [0x00000000e0f00000,0x00000000e4479630,0x00000000e4480000)
  to   space 68096K, 0% used [0x00000000e6d00000,0x00000000e6d00000,0x00000000eaf80000)
 ParOldGen       total 137216K, used 93377K [0x0000000080000000, 0x0000000088600000, 0x00000000d5580000)
  object space 137216K, 68% used [0x0000000080000000,0x0000000085b307c0,0x0000000088600000)
 Metaspace       used 98183K, capacity 105144K, committed 105176K, reserved 1140736K
  class space    used 12858K, capacity 14331K, committed 14336K, reserved 1048576K
Event: 3721.875 GC heap after
Heap after GC invocations=34 (full 4):
 PSYoungGen      total 276480K, used 65459K [0x00000000d5580000, 0x00000000ec100000, 0x0000000100000000)
  eden space 208384K, 0% used [0x00000000d5580000,0x00000000d5580000,0x00000000e2100000)
  from space 68096K, 96% used [0x00000000e6d00000,0x00000000eacecd88,0x00000000eaf80000)
  to   space 77824K, 0% used [0x00000000e2100000,0x00000000e2100000,0x00000000e6d00000)
 ParOldGen       total 137216K, used 102452K [0x0000000080000000, 0x0000000088600000, 0x00000000d5580000)
  object space 137216K, 74% used [0x0000000080000000,0x000000008640d060,0x0000000088600000)
 Metaspace       used 98183K, capacity 105144K, committed 105176K, reserved 1140736K
  class space    used 12858K, capacity 14331K, committed 14336K, reserved 1048576K
}
Event: 3826.852 GC heap before
{Heap before GC invocations=35 (full 4):
 PSYoungGen      total 276480K, used 273843K [0x00000000d5580000, 0x00000000ec100000, 0x0000000100000000)
  eden space 208384K, 100% used [0x00000000d5580000,0x00000000e2100000,0x00000000e2100000)
  from space 68096K, 96% used [0x00000000e6d00000,0x00000000eacecd88,0x00000000eaf80000)
  to   space 77824K, 0% used [0x00000000e2100000,0x00000000e2100000,0x00000000e6d00000)
 ParOldGen       total 137216K, used 102452K [0x0000000080000000, 0x0000000088600000, 0x00000000d5580000)
  object space 137216K, 74% used [0x0000000080000000,0x000000008640d060,0x0000000088600000)
 Metaspace       used 101563K, capacity 108666K, committed 108760K, reserved 1142784K
  class space    used 13283K, capacity 14758K, committed 14848K, reserved 1048576K
Event: 3827.093 GC heap after
Heap after GC invocations=35 (full 4):
 PSYoungGen      total 286208K, used 61088K [0x00000000d5580000, 0x00000000edf80000, 0x0000000100000000)
  eden space 208384K, 0% used [0x00000000d5580000,0x00000000d5580000,0x00000000e2100000)
  from space 77824K, 78% used [0x00000000e2100000,0x00000000e5ca8278,0x00000000e6d00000)
  to   space 84480K, 0% used [0x00000000e8d00000,0x00000000e8d00000,0x00000000edf80000)
 ParOldGen       total 137216K, used 102460K [0x0000000080000000, 0x0000000088600000, 0x00000000d5580000)
  object space 137216K, 74% used [0x0000000080000000,0x000000008640f060,0x0000000088600000)
 Metaspace       used 101563K, capacity 108666K, committed 108760K, reserved 1142784K
  class space    used 13283K, capacity 14758K, committed 14848K, reserved 1048576K
}
Event: 3844.669 GC heap before
{Heap before GC invocations=36 (full 4):
 PSYoungGen      total 286208K, used 269472K [0x00000000d5580000, 0x00000000edf80000, 0x0000000100000000)
  eden space 208384K, 100% used [0x00000000d5580000,0x00000000e2100000,0x00000000e2100000)
  from space 77824K, 78% used [0x00000000e2100000,0x00000000e5ca8278,0x00000000e6d00000)
  to   space 84480K, 0% used [0x00000000e8d00000,0x00000000e8d00000,0x00000000edf80000)
 ParOldGen       total 137216K, used 102460K [0x0000000080000000, 0x0000000088600000, 0x00000000d5580000)
  object space 137216K, 74% used [0x0000000080000000,0x000000008640f060,0x0000000088600000)
 Metaspace       used 108337K, capacity 115334K, committed 115672K, reserved 1148928K
  class space    used 14053K, capacity 15493K, committed 15616K, reserved 1048576K
Event: 3845.004 GC heap after
Heap after GC invocations=36 (full 4):
 PSYoungGen      total 308224K, used 76642K [0x00000000d5580000, 0x00000000ef780000, 0x0000000100000000)
  eden space 223744K, 0% used [0x00000000d5580000,0x00000000d5580000,0x00000000e3000000)
  from space 84480K, 90% used [0x00000000e8d00000,0x00000000ed7d8958,0x00000000edf80000)
  to   space 95232K, 0% used [0x00000000e3000000,0x00000000e3000000,0x00000000e8d00000)
 ParOldGen       total 137216K, used 102476K [0x0000000080000000, 0x0000000088600000, 0x00000000d5580000)
  object space 137216K, 74% used [0x0000000080000000,0x0000000086413060,0x0000000088600000)
 Metaspace       used 108337K, capacity 115334K, committed 115672K, reserved 1148928K
  class space    used 14053K, capacity 15493K, committed 15616K, reserved 1048576K
}
Event: 3858.326 GC heap before
{Heap before GC invocations=37 (full 4):
 PSYoungGen      total 308224K, used 300386K [0x00000000d5580000, 0x00000000ef780000, 0x0000000100000000)
  eden space 223744K, 100% used [0x00000000d5580000,0x00000000e3000000,0x00000000e3000000)
  from space 84480K, 90% used [0x00000000e8d00000,0x00000000ed7d8958,0x00000000edf80000)
  to   space 95232K, 0% used [0x00000000e3000000,0x00000000e3000000,0x00000000e8d00000)
 ParOldGen       total 137216K, used 102476K [0x0000000080000000, 0x0000000088600000, 0x00000000d5580000)
  object space 137216K, 74% used [0x0000000080000000,0x0000000086413060,0x0000000088600000)
 Metaspace       used 117513K, capacity 126076K, committed 126424K, reserved 1159168K
  class space    used 15328K, capacity 17042K, committed 17152K, reserved 1048576K
Event: 3858.511 GC heap after
Heap after GC invocations=37 (full 4):
 PSYoungGen      total 318976K, used 88410K [0x00000000d5580000, 0x00000000f1d00000, 0x0000000100000000)
  eden space 223744K, 0% used [0x00000000d5580000,0x00000000d5580000,0x00000000e3000000)
  from space 95232K, 92% used [0x00000000e3000000,0x00000000e8656b68,0x00000000e8d00000)
  to   space 108032K, 0% used [0x00000000eb380000,0x00000000eb380000,0x00000000f1d00000)
 ParOldGen       total 137216K, used 102492K [0x0000000080000000, 0x0000000088600000, 0x00000000d5580000)
  object space 137216K, 74% used [0x0000000080000000,0x0000000086417060,0x0000000088600000)
 Metaspace       used 117513K, capacity 126076K, committed 126424K, reserved 1159168K
  class space    used 15328K, capacity 17042K, committed 17152K, reserved 1048576K
}

